TN:
SF:script/CrowdFund.s.sol
FN:10,DeployCrowdFund.run
FNDA:0,DeployCrowdFund.run
DA:11,0
DA:12,0
DA:13,0
DA:14,0
FNF:1
FNH:0
LF:4
LH:0
BRF:0
BRH:0
end_of_record
TN:
SF:src/CrowdFund.sol
FN:72,CrowdFund.startCampaign
FNDA:23,CrowdFund.startCampaign
DA:78,23
DA:79,23
DA:92,23
FN:103,CrowdFund.cancelCampaign
FNDA:5,CrowdFund.cancelCampaign
DA:104,4
BRDA:104,0,0,2
BRDA:104,0,1,2
DA:108,2
DA:110,2
DA:111,2
FN:114,CrowdFund.withdraw
FNDA:5,CrowdFund.withdraw
DA:116,4
BRDA:115,1,0,-
BRDA:115,1,1,2
DA:119,2
DA:124,2
DA:126,2
DA:128,2
DA:130,2
FN:133,CrowdFund.refund
FNDA:5,CrowdFund.refund
DA:134,5
DA:135,5
BRDA:135,2,0,1
BRDA:135,2,1,4
DA:136,1
DA:138,4
BRDA:138,3,0,1
BRDA:138,3,1,3
DA:139,1
DA:141,3
BRDA:141,4,0,1
BRDA:141,4,1,2
DA:142,1
DA:144,2
DA:145,2
DA:147,2
DA:149,2
FN:152,CrowdFund.contribute
FNDA:14,CrowdFund.contribute
DA:153,14
DA:155,14
BRDA:155,5,0,1
BRDA:155,5,1,13
DA:156,1
DA:158,13
BRDA:158,6,0,1
BRDA:158,6,1,12
DA:159,1
DA:162,12
BRDA:162,7,0,1
BRDA:162,7,1,11
DA:163,1
DA:166,11
DA:167,11
DA:169,11
BRDA:169,8,0,-
BRDA:169,8,1,6
DA:170,6
DA:173,11
FNF:5
FNH:5
LF:36
LH:36
BRF:18
BRH:16
end_of_record
